0 info it worked if it ends with ok
1 verbose cli [ 'node',
1 verbose cli   '/usr/local/bin/npm',
1 verbose cli   'install',
1 verbose cli   'karma-jasmine',
1 verbose cli   'karma-chrome-launcher',
1 verbose cli   '--save-dev' ]
2 info using npm@2.11.2
3 info using node@v0.12.5
4 verbose install initial load of /Users/giuseppework/Sites/angtest/package.json
5 verbose readDependencies loading dependencies from /Users/giuseppework/Sites/angtest/package.json
6 silly cache add args [ 'karma-jasmine', null ]
7 verbose cache add spec karma-jasmine
8 silly cache add args [ 'karma-chrome-launcher', null ]
9 verbose cache add spec karma-chrome-launcher
10 silly cache add parsed spec { raw: 'karma-jasmine',
10 silly cache add   scope: null,
10 silly cache add   name: 'karma-jasmine',
10 silly cache add   rawSpec: '',
10 silly cache add   spec: '*',
10 silly cache add   type: 'range' }
11 silly addNamed karma-jasmine@*
12 verbose addNamed "*" is a valid semver range for karma-jasmine
13 silly addNameRange { name: 'karma-jasmine', range: '*', hasData: false }
14 silly mapToRegistry name karma-jasmine
15 silly mapToRegistry using default registry
16 silly mapToRegistry registry https://registry.npmjs.org/
17 silly mapToRegistry uri https://registry.npmjs.org/karma-jasmine
18 verbose addNameRange registry:https://registry.npmjs.org/karma-jasmine not in flight; fetching
19 silly cache add parsed spec { raw: 'karma-chrome-launcher',
19 silly cache add   scope: null,
19 silly cache add   name: 'karma-chrome-launcher',
19 silly cache add   rawSpec: '',
19 silly cache add   spec: '*',
19 silly cache add   type: 'range' }
20 silly addNamed karma-chrome-launcher@*
21 verbose addNamed "*" is a valid semver range for karma-chrome-launcher
22 silly addNameRange { name: 'karma-chrome-launcher', range: '*', hasData: false }
23 silly mapToRegistry name karma-chrome-launcher
24 silly mapToRegistry using default registry
25 silly mapToRegistry registry https://registry.npmjs.org/
26 silly mapToRegistry uri https://registry.npmjs.org/karma-chrome-launcher
27 verbose addNameRange registry:https://registry.npmjs.org/karma-chrome-launcher not in flight; fetching
28 verbose request uri https://registry.npmjs.org/karma-jasmine
29 verbose request no auth needed
30 info attempt registry request try #1 at 8:08:16 PM
31 verbose request id 55a3dacef990dde7
32 http request GET https://registry.npmjs.org/karma-jasmine
33 verbose request uri https://registry.npmjs.org/karma-chrome-launcher
34 verbose request no auth needed
35 info attempt registry request try #1 at 8:08:16 PM
36 http request GET https://registry.npmjs.org/karma-chrome-launcher
37 http 200 https://registry.npmjs.org/karma-jasmine
38 silly get cb [ 200,
38 silly get   { server: 'CouchDB/1.5.0 (Erlang OTP/R16B03)',
38 silly get     etag: '"86QZTJFKQWA7461WO9QAL7Y6A"',
38 silly get     'content-type': 'application/json',
38 silly get     'cache-control': 'max-age=60',
38 silly get     'content-length': '35201',
38 silly get     'accept-ranges': 'bytes',
38 silly get     date: 'Fri, 03 Jul 2015 19:07:55 GMT',
38 silly get     via: '1.1 varnish',
38 silly get     age: '26',
38 silly get     connection: 'keep-alive',
38 silly get     'x-served-by': 'cache-ams4146-AMS',
38 silly get     'x-cache': 'HIT',
38 silly get     'x-cache-hits': '1',
38 silly get     'x-timer': 'S1435950475.672910,VS0,VE0',
38 silly get     vary: 'Accept' } ]
39 verbose get saving karma-jasmine to /Users/giuseppework/.npm/registry.npmjs.org/karma-jasmine/.cache.json
40 http 200 https://registry.npmjs.org/karma-chrome-launcher
41 silly get cb [ 200,
41 silly get   { server: 'CouchDB/1.5.0 (Erlang OTP/R16B03)',
41 silly get     etag: '"43X0F14BKTWQP5Y7LWALKU9AB"',
41 silly get     'content-type': 'application/json',
41 silly get     'cache-control': 'max-age=60',
41 silly get     'content-length': '30178',
41 silly get     'accept-ranges': 'bytes',
41 silly get     date: 'Fri, 03 Jul 2015 19:07:55 GMT',
41 silly get     via: '1.1 varnish',
41 silly get     age: '25',
41 silly get     connection: 'keep-alive',
41 silly get     'x-served-by': 'cache-ams4151-AMS',
41 silly get     'x-cache': 'HIT',
41 silly get     'x-cache-hits': '1',
41 silly get     'x-timer': 'S1435950475.674362,VS0,VE0',
41 silly get     vary: 'Accept' } ]
42 verbose get saving karma-chrome-launcher to /Users/giuseppework/.npm/registry.npmjs.org/karma-chrome-launcher/.cache.json
43 silly addNameRange number 2 { name: 'karma-jasmine', range: '*', hasData: true }
44 silly addNameRange versions [ 'karma-jasmine',
44 silly addNameRange   [ '0.0.1',
44 silly addNameRange     '0.0.2',
44 silly addNameRange     '0.0.3',
44 silly addNameRange     '0.1.0',
44 silly addNameRange     '0.1.1',
44 silly addNameRange     '0.1.2',
44 silly addNameRange     '0.1.3',
44 silly addNameRange     '0.1.4',
44 silly addNameRange     '0.1.5',
44 silly addNameRange     '0.2.0',
44 silly addNameRange     '0.2.1',
44 silly addNameRange     '0.2.2',
44 silly addNameRange     '0.2.3',
44 silly addNameRange     '0.3.0',
44 silly addNameRange     '0.3.1',
44 silly addNameRange     '0.3.2',
44 silly addNameRange     '0.3.3',
44 silly addNameRange     '0.3.4',
44 silly addNameRange     '0.3.5',
44 silly addNameRange     '0.3.6' ] ]
45 silly addNamed karma-jasmine@0.3.6
46 verbose addNamed "0.3.6" is a plain semver version for karma-jasmine
47 silly addNameRange number 2 { name: 'karma-chrome-launcher', range: '*', hasData: true }
48 silly addNameRange versions [ 'karma-chrome-launcher',
48 silly addNameRange   [ '0.0.1',
48 silly addNameRange     '0.0.2',
48 silly addNameRange     '0.1.0',
48 silly addNameRange     '0.1.1',
48 silly addNameRange     '0.1.2',
48 silly addNameRange     '0.1.3',
48 silly addNameRange     '0.1.4',
48 silly addNameRange     '0.1.5',
48 silly addNameRange     '0.1.6',
48 silly addNameRange     '0.1.7',
48 silly addNameRange     '0.1.8',
48 silly addNameRange     '0.1.9',
48 silly addNameRange     '0.1.10',
48 silly addNameRange     '0.1.11',
48 silly addNameRange     '0.1.12',
48 silly addNameRange     '0.2.0' ] ]
49 silly addNamed karma-chrome-launcher@0.2.0
50 verbose addNamed "0.2.0" is a plain semver version for karma-chrome-launcher
51 silly mapToRegistry name karma-jasmine
52 silly mapToRegistry using default registry
53 silly mapToRegistry registry https://registry.npmjs.org/
54 silly mapToRegistry uri https://registry.npmjs.org/karma-jasmine
55 verbose addRemoteTarball https://registry.npmjs.org/karma-jasmine/-/karma-jasmine-0.3.6.tgz not in flight; adding
56 verbose addRemoteTarball [ 'https://registry.npmjs.org/karma-jasmine/-/karma-jasmine-0.3.6.tgz',
56 verbose addRemoteTarball   'ddcc34413ac0405aa34ce29ff472e957420b857a' ]
57 silly mapToRegistry name karma-chrome-launcher
58 silly mapToRegistry using default registry
59 silly mapToRegistry registry https://registry.npmjs.org/
60 silly mapToRegistry uri https://registry.npmjs.org/karma-chrome-launcher
61 verbose addRemoteTarball https://registry.npmjs.org/karma-chrome-launcher/-/karma-chrome-launcher-0.2.0.tgz not in flight; adding
62 verbose addRemoteTarball [ 'https://registry.npmjs.org/karma-chrome-launcher/-/karma-chrome-launcher-0.2.0.tgz',
62 verbose addRemoteTarball   'bab12f5f2f4b2f62914a677f29fceca99c090eba' ]
63 info retry fetch attempt 1 at 8:08:16 PM
64 info attempt registry request try #1 at 8:08:16 PM
65 http fetch GET https://registry.npmjs.org/karma-jasmine/-/karma-jasmine-0.3.6.tgz
66 info retry fetch attempt 1 at 8:08:16 PM
67 info attempt registry request try #1 at 8:08:16 PM
68 http fetch GET https://registry.npmjs.org/karma-chrome-launcher/-/karma-chrome-launcher-0.2.0.tgz
69 http fetch 200 https://registry.npmjs.org/karma-chrome-launcher/-/karma-chrome-launcher-0.2.0.tgz
70 silly fetchAndShaCheck shasum bab12f5f2f4b2f62914a677f29fceca99c090eba
71 verbose addTmpTarball /var/folders/mv/zmqfxj6n7yvgbywck4kndn080000gr/T/npm-10781-f59e99a4/registry.npmjs.org/karma-chrome-launcher/-/karma-chrome-launcher-0.2.0.tgz not in flight; adding
72 verbose addTmpTarball already have metadata; skipping unpack for karma-chrome-launcher@0.2.0
73 http fetch 200 https://registry.npmjs.org/karma-jasmine/-/karma-jasmine-0.3.6.tgz
74 silly fetchAndShaCheck shasum ddcc34413ac0405aa34ce29ff472e957420b857a
75 silly cache afterAdd karma-chrome-launcher@0.2.0
76 verbose afterAdd /Users/giuseppework/.npm/karma-chrome-launcher/0.2.0/package/package.json not in flight; writing
77 verbose addTmpTarball /var/folders/mv/zmqfxj6n7yvgbywck4kndn080000gr/T/npm-10781-f59e99a4/registry.npmjs.org/karma-jasmine/-/karma-jasmine-0.3.6.tgz not in flight; adding
78 verbose addTmpTarball already have metadata; skipping unpack for karma-jasmine@0.3.6
79 verbose afterAdd /Users/giuseppework/.npm/karma-chrome-launcher/0.2.0/package/package.json written
80 silly cache afterAdd karma-jasmine@0.3.6
81 verbose afterAdd /Users/giuseppework/.npm/karma-jasmine/0.3.6/package/package.json not in flight; writing
82 verbose afterAdd /Users/giuseppework/.npm/karma-jasmine/0.3.6/package/package.json written
83 silly install resolved [ { name: 'karma-chrome-launcher',
83 silly install resolved     version: '0.2.0',
83 silly install resolved     description: 'A Karma plugin. Launcher for Chrome and Chrome Canary.',
83 silly install resolved     main: 'index.js',
83 silly install resolved     scripts: { test: 'jasmine-node test' },
83 silly install resolved     repository:
83 silly install resolved      { type: 'git',
83 silly install resolved        url: 'git://github.com/karma-runner/karma-chrome-launcher.git' },
83 silly install resolved     keywords: [ 'karma-plugin', 'karma-launcher', 'chrome' ],
83 silly install resolved     author: { name: 'Vojta Jina', email: 'vojta.jina@gmail.com' },
83 silly install resolved     dependencies: { 'fs-access': '^1.0.0', which: '^1.0.9' },
83 silly install resolved     license: 'MIT',
83 silly install resolved     devDependencies:
83 silly install resolved      { chai: '^3.0.0',
83 silly install resolved        eslint: '^0.23.0',
83 silly install resolved        'eslint-config-standard': '^3.3.0',
83 silly install resolved        grunt: '^0.4.1',
83 silly install resolved        'grunt-auto-release': '^0.0.6',
83 silly install resolved        'grunt-bump': '^0.3.1',
83 silly install resolved        'grunt-conventional-changelog': '^1.2.2',
83 silly install resolved        'grunt-eslint': '^15.0.0',
83 silly install resolved        'grunt-karma': '^0.11.1',
83 silly install resolved        'grunt-npm': '^0.0.2',
83 silly install resolved        'grunt-simple-mocha': '^0.4.0',
83 silly install resolved        'jasmine-node': '^1.14.5',
83 silly install resolved        karma: '^0.12.36',
83 silly install resolved        'karma-mocha': '^0.2.0',
83 silly install resolved        'load-grunt-tasks': '^3.2.0',
83 silly install resolved        mocha: '^2.2.5',
83 silly install resolved        sinon: '^1.15.3' },
83 silly install resolved     contributors:
83 silly install resolved      [ [Object],
83 silly install resolved        [Object],
83 silly install resolved        [Object],
83 silly install resolved        [Object],
83 silly install resolved        [Object],
83 silly install resolved        [Object],
83 silly install resolved        [Object],
83 silly install resolved        [Object],
83 silly install resolved        [Object],
83 silly install resolved        [Object],
83 silly install resolved        [Object],
83 silly install resolved        [Object],
83 silly install resolved        [Object],
83 silly install resolved        [Object] ],
83 silly install resolved     gitHead: '4d0268e4a9691be92173f8e8845fc2c903c00797',
83 silly install resolved     bugs: { url: 'https://github.com/karma-runner/karma-chrome-launcher/issues' },
83 silly install resolved     homepage: 'https://github.com/karma-runner/karma-chrome-launcher#readme',
83 silly install resolved     _id: 'karma-chrome-launcher@0.2.0',
83 silly install resolved     _shasum: 'bab12f5f2f4b2f62914a677f29fceca99c090eba',
83 silly install resolved     _from: 'karma-chrome-launcher@*',
83 silly install resolved     _npmVersion: '2.11.2',
83 silly install resolved     _nodeVersion: '0.10.38',
83 silly install resolved     _npmUser: { name: 'dignifiedquire', email: 'dignifiedquire@gmail.com' },
83 silly install resolved     dist:
83 silly install resolved      { shasum: 'bab12f5f2f4b2f62914a677f29fceca99c090eba',
83 silly install resolved        tarball: 'http://registry.npmjs.org/karma-chrome-launcher/-/karma-chrome-launcher-0.2.0.tgz' },
83 silly install resolved     maintainers: [ [Object], [Object], [Object], [Object] ],
83 silly install resolved     directories: {},
83 silly install resolved     _resolved: 'https://registry.npmjs.org/karma-chrome-launcher/-/karma-chrome-launcher-0.2.0.tgz' },
83 silly install resolved   { name: 'karma-jasmine',
83 silly install resolved     version: '0.3.6',
83 silly install resolved     description: 'A Karma plugin - adapter for Jasmine testing framework.',
83 silly install resolved     main: 'lib/index.js',
83 silly install resolved     scripts: { test: 'grunt test' },
83 silly install resolved     repository:
83 silly install resolved      { type: 'git',
83 silly install resolved        url: 'git://github.com/karma-runner/karma-jasmine.git' },
83 silly install resolved     keywords: [ 'karma-plugin', 'karma-adapter', 'jasmine' ],
83 silly install resolved     author: { name: 'Vojta Jina', email: 'vojta.jina@gmail.com' },
83 silly install resolved     dependencies: {},
83 silly install resolved     devDependencies:
83 silly install resolved      { grunt: '~0.4.1',
83 silly install resolved        'grunt-contrib-jshint': '~0.6',
83 silly install resolved        karma: '',
83 silly install resolved        'karma-jasmine': '~0.1.0',
83 silly install resolved        'karma-chrome-launcher': '~0.1.0',
83 silly install resolved        'karma-firefox-launcher': '~0.1.0',
83 silly install resolved        'grunt-karma': '~0.8.0',
83 silly install resolved        'grunt-auto-release': '~0.0.2',
83 silly install resolved        'grunt-npm': '~0.0.2',
83 silly install resolved        'grunt-bump': '~0.0.7',
83 silly install resolved        'jasmine-core': '~2.1.0' },
83 silly install resolved     peerDependencies: { 'jasmine-core': '*' },
83 silly install resolved     license: 'MIT',
83 silly install resolved     contributors:
83 silly install resolved      [ [Object],
83 silly install resolved        [Object],
83 silly install resolved        [Object],
83 silly install resolved        [Object],
83 silly install resolved        [Object],
83 silly install resolved        [Object],
83 silly install resolved        [Object],
83 silly install resolved        [Object],
83 silly install resolved        [Object],
83 silly install resolved        [Object],
83 silly install resolved        [Object],
83 silly install resolved        [Object],
83 silly install resolved        [Object],
83 silly install resolved        [Object],
83 silly install resolved        [Object],
83 silly install resolved        [Object],
83 silly install resolved        [Object],
83 silly install resolved        [Object],
83 silly install resolved        [Object],
83 silly install resolved        [Object] ],
83 silly install resolved     gitHead: '76170f6cbc8902716fbac216b4bc1d681c8b39a2',
83 silly install resolved     bugs: { url: 'https://github.com/karma-runner/karma-jasmine/issues' },
83 silly install resolved     homepage: 'https://github.com/karma-runner/karma-jasmine#readme',
83 silly install resolved     _id: 'karma-jasmine@0.3.6',
83 silly install resolved     _shasum: 'ddcc34413ac0405aa34ce29ff472e957420b857a',
83 silly install resolved     _from: 'karma-jasmine@*',
83 silly install resolved     _npmVersion: '2.9.0',
83 silly install resolved     _nodeVersion: '0.10.30',
83 silly install resolved     _npmUser: { name: 'zzo', email: 'mark@zzo.com' },
83 silly install resolved     dist:
83 silly install resolved      { shasum: 'ddcc34413ac0405aa34ce29ff472e957420b857a',
83 silly install resolved        tarball: 'http://registry.npmjs.org/karma-jasmine/-/karma-jasmine-0.3.6.tgz' },
83 silly install resolved     maintainers: [ [Object], [Object], [Object], [Object], [Object] ],
83 silly install resolved     directories: {},
83 silly install resolved     _resolved: 'https://registry.npmjs.org/karma-jasmine/-/karma-jasmine-0.3.6.tgz' } ]
84 info install karma-chrome-launcher@0.2.0 into /Users/giuseppework/Sites/angtest
85 info install karma-jasmine@0.3.6 into /Users/giuseppework/Sites/angtest
86 info installOne karma-chrome-launcher@0.2.0
87 verbose installOne of karma-chrome-launcher to /Users/giuseppework/Sites/angtest not in flight; installing
88 info installOne karma-jasmine@0.3.6
89 verbose installOne of karma-jasmine to /Users/giuseppework/Sites/angtest not in flight; installing
90 warn locking Error: EACCES, open '/Users/giuseppework/.npm/_locks/karma-chrome-launcher-664f8bfd0448cb13.lock'
90 warn locking     at Error (native)
90 warn locking  /Users/giuseppework/.npm/_locks/karma-chrome-launcher-664f8bfd0448cb13.lock failed { [Error: EACCES, open '/Users/giuseppework/.npm/_locks/karma-chrome-launcher-664f8bfd0448cb13.lock']
90 warn locking   errno: -13,
90 warn locking   code: 'EACCES',
90 warn locking   path: '/Users/giuseppework/.npm/_locks/karma-chrome-launcher-664f8bfd0448cb13.lock' }
91 verbose stack Error: Attempt to unlock /Users/giuseppework/Sites/angtest/node_modules/karma-chrome-launcher, which hasn't been locked
91 verbose stack     at unlock (/usr/local/lib/node_modules/npm/lib/utils/locker.js:66:11)
91 verbose stack     at cb (/usr/local/lib/node_modules/npm/lib/install.js:1017:5)
91 verbose stack     at /usr/local/lib/node_modules/npm/lib/install.js:1021:20
91 verbose stack     at /usr/local/lib/node_modules/npm/lib/utils/locker.js:40:9
91 verbose stack     at cb (/usr/local/lib/node_modules/npm/node_modules/lockfile/lockfile.js:149:38)
91 verbose stack     at /usr/local/lib/node_modules/npm/node_modules/lockfile/lockfile.js:177:38
91 verbose stack     at FSReqWrap.oncomplete (fs.js:95:15)
92 verbose cwd /Users/giuseppework/Sites/angtest
93 error Darwin 14.0.0
94 error argv "node" "/usr/local/bin/npm" "install" "karma-jasmine" "karma-chrome-launcher" "--save-dev"
95 error node v0.12.5
96 error npm  v2.11.2
97 error Attempt to unlock /Users/giuseppework/Sites/angtest/node_modules/karma-chrome-launcher, which hasn't been locked
98 error If you need help, you may report this error at:
98 error     <https://github.com/npm/npm/issues>
99 verbose exit [ 1, true ]
